0 info it worked if it ends with ok
1 verbose cli [ 'C:\\Program Files\\nodejs\\node.exe',
1 verbose cli   'C:\\Program Files\\nodejs\\node_modules\\npm\\bin\\npm-cli.js',
1 verbose cli   'run',
1 verbose cli   'develop' ]
2 info using npm@3.10.9
3 info using node@v6.9.2
4 verbose run-script [ 'predevelop', 'develop', 'postdevelop' ]
5 info lifecycle oscweb@0.1.0~predevelop: oscweb@0.1.0
6 silly lifecycle oscweb@0.1.0~predevelop: no script for predevelop, continuing
7 info lifecycle oscweb@0.1.0~develop: oscweb@0.1.0
8 verbose lifecycle oscweb@0.1.0~develop: unsafe-perm in lifecycle true
9 verbose lifecycle oscweb@0.1.0~develop: PATH: C:\Program Files\nodejs\node_modules\npm\bin\node-gyp-bin;D:\teanocrata\Development\OSCWeb\node_modules\.bin;C:\Users\teanocrata\AppData\Local\Apps\2.0\DQLD65PZ.H93\WABQ3N7G.8ZG\gith..tion_317444273a93ac29_0003.0003_5794af8169eeff14\NativeBinaries\x86;C:\Python27;C:\Python27\Scripts;C:\Program Files\curl_7_50_3_openssl_nghttp2_x64;C:\Program Files\Amazon\AWSCLI;C:\ProgramData\Oracle\Java\javapath;C:\Program Files (x86)\Intel\iCLS Client\;C:\Program Files\Intel\iCLS Client\;C:\WINDOWS\system32;C:\WINDOWS;C:\WINDOWS\System32\Wbem;C:\WINDOWS\System32\WindowsPowerShell\v1.0\;C:\Program Files\Intel\Intel(R) Management Engine Components\DAL;C:\Program Files\Intel\Intel(R) Management Engine Components\IPT;C:\Program Files (x86)\Intel\Intel(R) Management Engine Components\DAL;C:\Program Files (x86)\Intel\Intel(R) Management Engine Components\IPT;C:\Program Files (x86)\PuTTY\;C:\Program Files\LLVM\bin;C:\Program Files (x86)\Skype\Phone\;C:\Program Files (x86)\Heroku\bin;C:\Program Files\nodejs\;C:\Program Files\Git\cmd;C:\Ruby23-x64\bin;C:\Users\teanocrata\AppData\Local\Microsoft\WindowsApps;C:\Users\teanocrata\AppData\Roaming\npm;C:\Users\teanocrata\AppData\Local\atom\bin
10 verbose lifecycle oscweb@0.1.0~develop: CWD: D:\teanocrata\Development\OSCWeb
11 silly lifecycle oscweb@0.1.0~develop: Args: [ '/d /s /c', 'gulp && gulp develop' ]
12 silly lifecycle oscweb@0.1.0~develop: Returned: code: 1  signal: null
13 info lifecycle oscweb@0.1.0~develop: Failed to exec develop script
14 verbose stack Error: oscweb@0.1.0 develop: `gulp && gulp develop`
14 verbose stack Exit status 1
14 verbose stack     at EventEmitter.<anonymous> (C:\Program Files\nodejs\node_modules\npm\lib\utils\lifecycle.js:255:16)
14 verbose stack     at emitTwo (events.js:106:13)
14 verbose stack     at EventEmitter.emit (events.js:191:7)
14 verbose stack     at ChildProcess.<anonymous> (C:\Program Files\nodejs\node_modules\npm\lib\utils\spawn.js:40:14)
14 verbose stack     at emitTwo (events.js:106:13)
14 verbose stack     at ChildProcess.emit (events.js:191:7)
14 verbose stack     at maybeClose (internal/child_process.js:877:16)
14 verbose stack     at Process.ChildProcess._handle.onexit (internal/child_process.js:226:5)
15 verbose pkgid oscweb@0.1.0
16 verbose cwd D:\teanocrata\Development\OSCWeb
17 error Windows_NT 10.0.14393
18 error argv "C:\\Program Files\\nodejs\\node.exe" "C:\\Program Files\\nodejs\\node_modules\\npm\\bin\\npm-cli.js" "run" "develop"
19 error node v6.9.2
20 error npm  v3.10.9
21 error code ELIFECYCLE
22 error oscweb@0.1.0 develop: `gulp && gulp develop`
22 error Exit status 1
23 error Failed at the oscweb@0.1.0 develop script 'gulp && gulp develop'.
23 error Make sure you have the latest version of node.js and npm installed.
23 error If you do, this is most likely a problem with the oscweb package,
23 error not with npm itself.
23 error Tell the author that this fails on your system:
23 error     gulp && gulp develop
23 error You can get information on how to open an issue for this project with:
23 error     npm bugs oscweb
23 error Or if that isn't available, you can get their info via:
23 error     npm owner ls oscweb
23 error There is likely additional logging output above.
24 verbose exit [ 1, true ]
